 2024-12-21 13:13:19,029 : INFO : Test_addEmp_DDT : test_addEmp_ddt_007 : 22 : test_addEmp_ddt_007 is Started 
 2024-12-21 13:13:19,029 : INFO : Test_addEmp_DDT : test_addEmp_ddt_007 : 23 : Browser is openning 
 2024-12-21 13:13:24,884 : INFO : Test_addEmp_DDT : test_addEmp_ddt_007 : 25 : Go to Url--> https://opensource-demo.orangehrmlive.com/ 
 2024-12-21 13:13:27,413 : INFO : Test_addEmp_DDT : test_addEmp_ddt_007 : 28 : Entering Username Admin 
 2024-12-21 13:13:27,608 : INFO : Test_addEmp_DDT : test_addEmp_ddt_007 : 30 : Entering Password admin123 
 2024-12-21 13:13:29,236 : INFO : Test_addEmp_DDT : test_addEmp_ddt_007 : 32 : Click on Login Button 
 2024-12-21 13:13:31,102 : INFO : Test_addEmp_DDT : test_addEmp_ddt_007 : 35 : CLick on PIM 
 2024-12-21 13:13:32,223 : INFO : Test_addEmp_DDT : test_addEmp_ddt_007 : 38 : Click on Add Employee Button 
 2024-12-21 13:13:32,840 : INFO : Test_addEmp_DDT : test_addEmp_ddt_007 : 45 : Entering FirstName -->A 
 2024-12-21 13:13:32,954 : INFO : Test_addEmp_DDT : test_addEmp_ddt_007 : 47 : Entering middlename -->G 
 2024-12-21 13:13:33,096 : INFO : Test_addEmp_DDT : test_addEmp_ddt_007 : 49 : Entering Lastname -->Patil 
 2024-12-21 13:13:33,241 : INFO : Test_addEmp_DDT : test_addEmp_ddt_007 : 51 : Click Save Button 
 2024-12-21 13:13:39,264 : INFO : Test_addEmp_DDT : test_addEmp_ddt_007 : 54 : Clik Add EMp Button 
 2024-12-21 13:13:39,894 : INFO : Test_addEmp_DDT : test_addEmp_ddt_007 : 45 : Entering FirstName -->B 
 2024-12-21 13:13:40,023 : INFO : Test_addEmp_DDT : test_addEmp_ddt_007 : 47 : Entering middlename -->G 
 2024-12-21 13:13:40,166 : INFO : Test_addEmp_DDT : test_addEmp_ddt_007 : 49 : Entering Lastname -->B 
 2024-12-21 13:13:40,580 : INFO : Test_addEmp_DDT : test_addEmp_ddt_007 : 51 : Click Save Button 
 2024-12-21 13:13:46,819 : INFO : Test_addEmp_DDT : test_addEmp_ddt_007 : 54 : Clik Add EMp Button 
 2024-12-21 13:13:47,363 : INFO : Test_addEmp_DDT : test_addEmp_ddt_007 : 45 : Entering FirstName -->C 
 2024-12-21 13:13:47,496 : INFO : Test_addEmp_DDT : test_addEmp_ddt_007 : 47 : Entering middlename -->Test 
 2024-12-21 13:13:47,684 : INFO : Test_addEmp_DDT : test_addEmp_ddt_007 : 49 : Entering Lastname -->Test 
 2024-12-21 13:13:48,109 : INFO : Test_addEmp_DDT : test_addEmp_ddt_007 : 51 : Click Save Button 
 2024-12-21 13:13:54,105 : INFO : Test_addEmp_DDT : test_addEmp_ddt_007 : 54 : Clik Add EMp Button 
 2024-12-21 13:13:54,751 : INFO : Test_addEmp_DDT : test_addEmp_ddt_007 : 45 : Entering FirstName -->D 
 2024-12-21 13:13:54,917 : INFO : Test_addEmp_DDT : test_addEmp_ddt_007 : 47 : Entering middlename -->H 
 2024-12-21 13:13:55,113 : INFO : Test_addEmp_DDT : test_addEmp_ddt_007 : 49 : Entering Lastname -->Test 
 2024-12-21 13:13:55,467 : INFO : Test_addEmp_DDT : test_addEmp_ddt_007 : 51 : Click Save Button 
 2024-12-21 13:14:01,062 : INFO : Test_addEmp_DDT : test_addEmp_ddt_007 : 54 : Clik Add EMp Button 
 2024-12-21 13:14:03,405 : INFO : Test_addEmp_DDT : test_addEmp_ddt_007 : 66 : Click Menu Button 
 2024-12-21 13:14:05,032 : INFO : Test_addEmp_DDT : test_addEmp_ddt_007 : 68 : Click Logout Button 
 2024-12-21 13:14:05,032 : INFO : Test_addEmp_DDT : test_addEmp_ddt_007 : 71 : test_addEmp_ddt_007 is Passed 
 2024-12-21 13:14:05,032 : INFO : Test_addEmp_DDT : test_addEmp_ddt_007 : 77 : test_addEmp_ddt_007 is Completed 
 2024-12-21 14:37:16,312 : INFO : Test_Login : test_Page_Title_001 : 17 : test_Page_Title_001 is started 
 2024-12-21 14:37:16,408 : INFO : Test_Login : test_Page_Title_001 : 18 : Openning Browser 
 2024-12-21 14:37:20,168 : INFO : Test_Login : test_Page_Title_001 : 20 : Go to this Url-->https://opensource-demo.orangehrmlive.com/ 
 2024-12-21 14:37:20,176 : INFO : Test_Login : test_Page_Title_001 : 23 : test_Page_Title_001 is Passed 
 2024-12-21 14:37:20,180 : INFO : Test_Login : test_Page_Title_001 : 24 : Page Title isOrangeHRM 
 2024-12-21 14:37:20,292 : INFO : Test_Login : test_Page_Title_001 : 30 : test_Page_Title_001 is Completed 
 2024-12-21 14:37:21,469 : INFO : Test_Login : test_login_002 : 35 : test_login_002 is Started 
 2024-12-21 14:37:21,607 : INFO : Test_Login : test_login_002 : 36 : Openning Browser 
 2024-12-21 14:37:26,312 : INFO : Test_Login : test_login_002 : 38 : Go to this Url--> https://opensource-demo.orangehrmlive.com/ 
 2024-12-21 14:37:27,108 : INFO : Test_Login : test_login_002 : 41 : Entering UserName--> Admin 
 2024-12-21 14:37:27,169 : INFO : Test_Login : test_login_002 : 43 : Entering Password--> admin123 
 2024-12-21 14:37:27,294 : INFO : Test_Login : test_login_002 : 45 : Click Login Button 
 2024-12-21 14:37:29,448 : INFO : Test_Login : test_login_002 : 49 : Click Menu Button 
 2024-12-21 14:37:31,653 : INFO : Test_Login : test_login_002 : 51 : Click Logout Button 
 2024-12-21 14:37:31,654 : INFO : Test_Login : test_login_002 : 52 : test_login_002 is passed 
 2024-12-21 14:37:31,780 : INFO : Test_Login : test_login_002 : 59 : test_login_002 is completed 
 2024-12-21 14:37:32,916 : INFO : Test_Login_DDT : test_login_ddt_006 : 17 : test_login_ddt_006 is started... 
 2024-12-21 14:37:32,916 : INFO : Test_Login_DDT : test_login_ddt_006 : 18 : Openning Browser 
 2024-12-21 14:37:36,944 : INFO : Test_Login_DDT : test_login_ddt_006 : 20 : get to this Url --> https://opensource-demo.orangehrmlive.com/ 
 2024-12-21 14:37:37,473 : INFO : Test_Login_DDT : test_login_ddt_006 : 28 : Entering Username --> Admin 
 2024-12-21 14:37:37,550 : INFO : Test_Login_DDT : test_login_ddt_006 : 30 : Entering Password --> admin123 
 2024-12-21 14:37:39,683 : INFO : Test_Login_DDT : test_login_ddt_006 : 36 : Clicking on menu button 
 2024-12-21 14:37:42,264 : INFO : Test_Login_DDT : test_login_ddt_006 : 38 : Click on Logout Button 
 2024-12-21 14:37:42,712 : INFO : Test_Login_DDT : test_login_ddt_006 : 28 : Entering Username --> Admin1 
 2024-12-21 14:37:42,755 : INFO : Test_Login_DDT : test_login_ddt_006 : 30 : Entering Password --> admin123 
 2024-12-21 14:37:53,912 : INFO : Test_Login_DDT : test_login_ddt_006 : 28 : Entering Username --> Admin 
 2024-12-21 14:37:54,001 : INFO : Test_Login_DDT : test_login_ddt_006 : 30 : Entering Password --> admin1231 
 2024-12-21 14:38:06,077 : INFO : Test_Login_DDT : test_login_ddt_006 : 28 : Entering Username --> Admin1 
 2024-12-21 14:38:06,119 : INFO : Test_Login_DDT : test_login_ddt_006 : 30 : Entering Password --> admin1231 
 2024-12-21 14:38:17,753 : INFO : Test_Login_DDT : test_login_ddt_006 : 47 : test_login_ddt_006 is Passed 
 2024-12-21 14:38:17,817 : INFO : Test_Login_DDT : test_login_ddt_006 : 54 : test_login_ddt_006 is completed 
 2024-12-21 14:38:19,017 : INFO : Test_Add_Emp : test_addEmp_003 : 17 : test_addEmp_003 is started 
 2024-12-21 14:38:19,017 : INFO : Test_Add_Emp : test_addEmp_003 : 18 : Opening Browser 
 2024-12-21 14:38:22,641 : INFO : Test_Add_Emp : test_addEmp_003 : 20 : Going to Url--> https://opensource-demo.orangehrmlive.com/ 
 2024-12-21 14:38:23,482 : INFO : Test_Add_Emp : test_addEmp_003 : 23 : Enter UserName --> Admin 
 2024-12-21 14:38:23,564 : INFO : Test_Add_Emp : test_addEmp_003 : 25 : Enter Password --> admin123 
 2024-12-21 14:38:23,624 : INFO : Test_Add_Emp : test_addEmp_003 : 27 : Click on logIn 
 2024-12-21 14:38:26,221 : INFO : Test_Add_Emp : test_addEmp_003 : 30 : Click on PIM tab 
 2024-12-21 14:38:27,284 : INFO : Test_Add_Emp : test_addEmp_003 : 32 : Click on Add Employee Button 
 2024-12-21 14:38:27,823 : INFO : Test_Add_Emp : test_addEmp_003 : 34 : Enter Firstname --> Justin 
 2024-12-21 14:38:27,883 : INFO : Test_Add_Emp : test_addEmp_003 : 36 : Enter Middlename --> drake 
 2024-12-21 14:38:27,964 : INFO : Test_Add_Emp : test_addEmp_003 : 38 : Enter LastName --> Beiber 
 2024-12-21 14:38:28,252 : INFO : Test_Add_Emp : test_addEmp_003 : 40 : Click on Save 
 2024-12-21 14:38:33,344 : INFO : Test_Add_Emp : test_addEmp_003 : 44 : Click on Menu Button 
 2024-12-21 14:38:34,830 : INFO : Test_Add_Emp : test_addEmp_003 : 46 : Click on LogOut 
 2024-12-21 14:38:34,830 : INFO : Test_Add_Emp : test_addEmp_003 : 48 : test_addEmp_003 is passed 
 2024-12-21 14:38:34,955 : INFO : Test_Add_Emp : test_addEmp_003 : 55 : test_addEmp_003 is completed 
 2024-12-21 14:38:36,352 : INFO : Test_addEmp_DDT : test_addEmp_ddt_007 : 22 : test_addEmp_ddt_007 is Started 
 2024-12-21 14:38:36,352 : INFO : Test_addEmp_DDT : test_addEmp_ddt_007 : 23 : Browser is openning 
 2024-12-21 14:38:40,360 : INFO : Test_addEmp_DDT : test_addEmp_ddt_007 : 25 : Go to Url--> https://opensource-demo.orangehrmlive.com/ 
 2024-12-21 14:38:41,149 : INFO : Test_addEmp_DDT : test_addEmp_ddt_007 : 28 : Entering Username Admin 
 2024-12-21 14:38:41,244 : INFO : Test_addEmp_DDT : test_addEmp_ddt_007 : 30 : Entering Password admin123 
 2024-12-21 14:38:41,331 : INFO : Test_addEmp_DDT : test_addEmp_ddt_007 : 32 : Click on Login Button 
 2024-12-21 14:38:44,805 : INFO : Test_addEmp_DDT : test_addEmp_ddt_007 : 35 : CLick on PIM 
 2024-12-21 14:38:46,366 : INFO : Test_addEmp_DDT : test_addEmp_ddt_007 : 38 : Click on Add Employee Button 
 2024-12-21 14:38:47,157 : INFO : Test_addEmp_DDT : test_addEmp_ddt_007 : 45 : Entering FirstName -->A 
 2024-12-21 14:38:47,251 : INFO : Test_addEmp_DDT : test_addEmp_ddt_007 : 47 : Entering middlename -->G 
 2024-12-21 14:38:47,355 : INFO : Test_addEmp_DDT : test_addEmp_ddt_007 : 49 : Entering Lastname -->Patil 
 2024-12-21 14:38:48,059 : INFO : Test_addEmp_DDT : test_addEmp_ddt_007 : 51 : Click Save Button 
 2024-12-21 14:38:55,203 : INFO : Test_addEmp_DDT : test_addEmp_ddt_007 : 54 : Clik Add EMp Button 
 2024-12-21 14:38:56,337 : INFO : Test_addEmp_DDT : test_addEmp_ddt_007 : 45 : Entering FirstName -->B 
 2024-12-21 14:38:56,410 : INFO : Test_addEmp_DDT : test_addEmp_ddt_007 : 47 : Entering middlename -->G 
 2024-12-21 14:38:56,492 : INFO : Test_addEmp_DDT : test_addEmp_ddt_007 : 49 : Entering Lastname -->B 
 2024-12-21 14:38:57,073 : INFO : Test_addEmp_DDT : test_addEmp_ddt_007 : 51 : Click Save Button 
 2024-12-21 14:39:03,148 : INFO : Test_addEmp_DDT : test_addEmp_ddt_007 : 54 : Clik Add EMp Button 
 2024-12-21 14:39:03,633 : INFO : Test_addEmp_DDT : test_addEmp_ddt_007 : 45 : Entering FirstName -->C 
 2024-12-21 14:39:03,699 : INFO : Test_addEmp_DDT : test_addEmp_ddt_007 : 47 : Entering middlename -->Test 
 2024-12-21 14:39:03,761 : INFO : Test_addEmp_DDT : test_addEmp_ddt_007 : 49 : Entering Lastname -->Test 
 2024-12-21 14:39:04,795 : INFO : Test_addEmp_DDT : test_addEmp_ddt_007 : 51 : Click Save Button 
 2024-12-21 14:39:10,469 : INFO : Test_addEmp_DDT : test_addEmp_ddt_007 : 54 : Clik Add EMp Button 
 2024-12-21 14:39:11,499 : INFO : Test_addEmp_DDT : test_addEmp_ddt_007 : 45 : Entering FirstName -->D 
 2024-12-21 14:39:11,568 : INFO : Test_addEmp_DDT : test_addEmp_ddt_007 : 47 : Entering middlename -->H 
 2024-12-21 14:39:11,631 : INFO : Test_addEmp_DDT : test_addEmp_ddt_007 : 49 : Entering Lastname -->Test 
 2024-12-21 14:39:11,837 : INFO : Test_addEmp_DDT : test_addEmp_ddt_007 : 51 : Click Save Button 
 2024-12-21 14:39:17,313 : INFO : Test_addEmp_DDT : test_addEmp_ddt_007 : 54 : Clik Add EMp Button 
 2024-12-21 14:39:19,659 : INFO : Test_addEmp_DDT : test_addEmp_ddt_007 : 66 : Click Menu Button 
 2024-12-21 14:39:20,527 : INFO : Test_addEmp_DDT : test_addEmp_ddt_007 : 68 : Click Logout Button 
 2024-12-21 14:39:20,527 : INFO : Test_addEmp_DDT : test_addEmp_ddt_007 : 71 : test_addEmp_ddt_007 is Passed 
 2024-12-21 14:39:20,527 : INFO : Test_addEmp_DDT : test_addEmp_ddt_007 : 77 : test_addEmp_ddt_007 is Completed 
 2024-12-21 14:39:21,645 : INFO : Test_Emp_Search : test_SearchEmp_005 : 18 : test_searchEmp_005 is started 
 2024-12-21 14:39:21,646 : INFO : Test_Emp_Search : test_SearchEmp_005 : 19 : Opening Browser 
 2024-12-21 14:39:25,889 : INFO : Test_Emp_Search : test_SearchEmp_005 : 21 : Going to Url--> https://opensource-demo.orangehrmlive.com/ 
 2024-12-21 14:39:26,464 : INFO : Test_Emp_Search : test_SearchEmp_005 : 24 : Enter UserName --> Admin 
 2024-12-21 14:39:26,569 : INFO : Test_Emp_Search : test_SearchEmp_005 : 26 : Enter Password --> admin123 
 2024-12-21 14:39:26,653 : INFO : Test_Emp_Search : test_SearchEmp_005 : 28 : Click on logIn 
 2024-12-21 14:39:29,573 : INFO : Test_Emp_Search : test_SearchEmp_005 : 31 : Click on PIM tab 
 2024-12-21 14:39:30,037 : INFO : Test_Emp_Search : test_SearchEmp_005 : 34 : Enter EmpName for Search --> Justin 
 2024-12-21 14:39:30,111 : INFO : Test_Emp_Search : test_SearchEmp_005 : 36 : Click on Search Button 
 2024-12-21 14:39:35,155 : INFO : Test_Emp_Search : test_SearchEmp_005 : 39 : Search Found 
 2024-12-21 14:39:35,155 : INFO : Test_Emp_Search : test_SearchEmp_005 : 40 : test_SearchEmp_005 is Passed 
 2024-12-21 14:39:35,260 : INFO : Test_Emp_Search : test_SearchEmp_005 : 42 : Click on Menu Button 
 2024-12-21 14:39:36,087 : INFO : Test_Emp_Search : test_SearchEmp_005 : 44 : Click on LogOut 
 2024-12-21 14:39:36,219 : INFO : Test_Emp_Search : test_SearchEmp_005 : 51 : test_SearchEmp_005 is Completed 
 2024-12-21 14:39:37,434 : INFO : Test_Login_Params : test_login_params_004 : 18 : test_login_params_004 is started 
 2024-12-21 14:39:37,434 : INFO : Test_Login_Params : test_login_params_004 : 19 : Opening Browser 
 2024-12-21 14:39:41,278 : INFO : Test_Login_Params : test_login_params_004 : 21 : Go to this url-->https://opensource-demo.orangehrmlive.com/ 
 2024-12-21 14:39:41,278 : INFO : Test_Login_Params : test_login_params_004 : 23 : 0 --> Admin 
 2024-12-21 14:39:41,278 : INFO : Test_Login_Params : test_login_params_004 : 24 : 1 --> admin123 
 2024-12-21 14:39:41,278 : INFO : Test_Login_Params : test_login_params_004 : 25 : 2 --> Pass 
 2024-12-21 14:39:41,879 : INFO : Test_Login_Params : test_login_params_004 : 27 : Entering username-->Admin 
 2024-12-21 14:39:41,951 : INFO : Test_Login_Params : test_login_params_004 : 29 : Entering password-->admin123 
 2024-12-21 14:39:42,045 : INFO : Test_Login_Params : test_login_params_004 : 31 : Click on login button 
 2024-12-21 14:39:43,898 : INFO : Test_Login_Params : test_login_params_004 : 37 : Click on Menu button 
 2024-12-21 14:39:44,823 : INFO : Test_Login_Params : test_login_params_004 : 39 : Click on logout button 
 2024-12-21 14:39:44,823 : INFO : Test_Login_Params : test_login_params_004 : 40 : test_login_002 is Passed 
 2024-12-21 14:39:44,935 : INFO : Test_Login_Params : test_login_params_004 : 57 : test_login_002 is Completed 
 2024-12-21 14:39:46,109 : INFO : Test_Login_Params : test_login_params_004 : 18 : test_login_params_004 is started 
 2024-12-21 14:39:46,109 : INFO : Test_Login_Params : test_login_params_004 : 19 : Opening Browser 
 2024-12-21 14:39:49,869 : INFO : Test_Login_Params : test_login_params_004 : 21 : Go to this url-->https://opensource-demo.orangehrmlive.com/ 
 2024-12-21 14:39:49,870 : INFO : Test_Login_Params : test_login_params_004 : 23 : 0 --> Admin1 
 2024-12-21 14:39:49,870 : INFO : Test_Login_Params : test_login_params_004 : 24 : 1 --> admin123 
 2024-12-21 14:39:49,870 : INFO : Test_Login_Params : test_login_params_004 : 25 : 2 --> Fail 
 2024-12-21 14:39:50,393 : INFO : Test_Login_Params : test_login_params_004 : 27 : Entering username-->Admin1 
 2024-12-21 14:39:50,490 : INFO : Test_Login_Params : test_login_params_004 : 29 : Entering password-->admin123 
 2024-12-21 14:39:50,593 : INFO : Test_Login_Params : test_login_params_004 : 31 : Click on login button 
 2024-12-21 14:40:01,697 : INFO : Test_Login_Params : test_login_params_004 : 57 : test_login_002 is Completed 
 2024-12-21 14:40:02,820 : INFO : Test_Login_Params : test_login_params_004 : 18 : test_login_params_004 is started 
 2024-12-21 14:40:02,820 : INFO : Test_Login_Params : test_login_params_004 : 19 : Opening Browser 
 2024-12-21 14:40:06,482 : INFO : Test_Login_Params : test_login_params_004 : 21 : Go to this url-->https://opensource-demo.orangehrmlive.com/ 
 2024-12-21 14:40:06,483 : INFO : Test_Login_Params : test_login_params_004 : 23 : 0 --> Admin 
 2024-12-21 14:40:06,483 : INFO : Test_Login_Params : test_login_params_004 : 24 : 1 --> admin1231 
 2024-12-21 14:40:06,483 : INFO : Test_Login_Params : test_login_params_004 : 25 : 2 --> Fail 
 2024-12-21 14:40:07,307 : INFO : Test_Login_Params : test_login_params_004 : 27 : Entering username-->Admin 
 2024-12-21 14:40:07,412 : INFO : Test_Login_Params : test_login_params_004 : 29 : Entering password-->admin1231 
 2024-12-21 14:40:07,510 : INFO : Test_Login_Params : test_login_params_004 : 31 : Click on login button 
 2024-12-21 14:40:18,942 : INFO : Test_Login_Params : test_login_params_004 : 57 : test_login_002 is Completed 
 2024-12-21 14:40:20,049 : INFO : Test_Login_Params : test_login_params_004 : 18 : test_login_params_004 is started 
 2024-12-21 14:40:20,049 : INFO : Test_Login_Params : test_login_params_004 : 19 : Opening Browser 
 2024-12-21 14:40:23,817 : INFO : Test_Login_Params : test_login_params_004 : 21 : Go to this url-->https://opensource-demo.orangehrmlive.com/ 
 2024-12-21 14:40:23,817 : INFO : Test_Login_Params : test_login_params_004 : 23 : 0 --> Admin1 
 2024-12-21 14:40:23,817 : INFO : Test_Login_Params : test_login_params_004 : 24 : 1 --> admin1231 
 2024-12-21 14:40:23,817 : INFO : Test_Login_Params : test_login_params_004 : 25 : 2 --> Fail 
 2024-12-21 14:40:24,783 : INFO : Test_Login_Params : test_login_params_004 : 27 : Entering username-->Admin1 
 2024-12-21 14:40:24,855 : INFO : Test_Login_Params : test_login_params_004 : 29 : Entering password-->admin1231 
 2024-12-21 14:40:24,914 : INFO : Test_Login_Params : test_login_params_004 : 31 : Click on login button 
 2024-12-21 14:40:36,073 : INFO : Test_Login_Params : test_login_params_004 : 57 : test_login_002 is Completed 
 2024-12-21 14:57:42,104 : INFO : Test_Login : test_Page_Title_001 : 17 : test_Page_Title_001 is started 
 2024-12-21 14:57:42,107 : INFO : Test_Login : test_Page_Title_001 : 18 : Openning Browser 
 2024-12-25 16:11:38,933 : INFO : Test_Login : test_Page_Title_001 : 17 : test_Page_Title_001 is started 
 2024-12-25 16:11:39,040 : INFO : Test_Login : test_Page_Title_001 : 18 : Openning Browser 
 2024-12-25 16:11:44,431 : INFO : Test_Login : test_Page_Title_001 : 20 : Go to this Url-->https://opensource-demo.orangehrmlive.com/ 
 2024-12-25 16:11:44,449 : INFO : Test_Login : test_Page_Title_001 : 23 : test_Page_Title_001 is Passed 
 2024-12-25 16:11:44,462 : INFO : Test_Login : test_Page_Title_001 : 24 : Page Title isOrangeHRM 
 2024-12-25 16:11:44,581 : INFO : Test_Login : test_Page_Title_001 : 30 : test_Page_Title_001 is Completed 
 2024-12-25 16:11:46,125 : INFO : Test_Login : test_login_002 : 35 : test_login_002 is Started 
 2024-12-25 16:11:46,125 : INFO : Test_Login : test_login_002 : 36 : Openning Browser 
 2024-12-25 16:11:47,557 : INFO : Test_Login : test_login_002 : 38 : Go to this Url--> https://opensource-demo.orangehrmlive.com/ 
 2024-12-25 16:11:51,868 : INFO : Test_Login : test_login_002 : 41 : Entering UserName--> Admin 
 2024-12-25 16:11:52,070 : INFO : Test_Login : test_login_002 : 43 : Entering Password--> admin123 
 2024-12-25 16:11:53,573 : INFO : Test_Login : test_login_002 : 45 : Click Login Button 
 2024-12-25 16:11:55,133 : INFO : Test_Login : test_login_002 : 49 : Click Menu Button 
 2024-12-25 16:11:56,752 : INFO : Test_Login : test_login_002 : 51 : Click Logout Button 
 2024-12-25 16:11:56,752 : INFO : Test_Login : test_login_002 : 52 : test_login_002 is passed 
 2024-12-25 16:11:56,896 : INFO : Test_Login : test_login_002 : 59 : test_login_002 is completed 
 2024-12-25 16:11:58,500 : INFO : Test_Login_DDT : test_login_ddt_006 : 17 : test_login_ddt_006 is started... 
 2024-12-25 16:11:58,500 : INFO : Test_Login_DDT : test_login_ddt_006 : 18 : Openning Browser 
 2024-12-25 16:12:00,020 : INFO : Test_Login_DDT : test_login_ddt_006 : 20 : get to this Url --> https://opensource-demo.orangehrmlive.com/ 
 2024-12-25 16:12:05,630 : INFO : Test_Login_DDT : test_login_ddt_006 : 28 : Entering Username --> Admin 
 2024-12-25 16:12:05,871 : INFO : Test_Login_DDT : test_login_ddt_006 : 30 : Entering Password --> admin123 
 2024-12-25 16:12:09,179 : INFO : Test_Login_DDT : test_login_ddt_006 : 36 : Clicking on menu button 
 2024-12-25 16:12:10,477 : INFO : Test_Login_DDT : test_login_ddt_006 : 38 : Click on Logout Button 
 2024-12-25 16:12:11,126 : INFO : Test_Login_DDT : test_login_ddt_006 : 28 : Entering Username --> Admin1 
 2024-12-25 16:12:11,290 : INFO : Test_Login_DDT : test_login_ddt_006 : 30 : Entering Password --> admin123 
 2024-12-25 16:12:22,832 : INFO : Test_Login_DDT : test_login_ddt_006 : 28 : Entering Username --> Admin 
 2024-12-25 16:12:22,944 : INFO : Test_Login_DDT : test_login_ddt_006 : 30 : Entering Password --> admin1231 
 2024-12-25 16:12:34,512 : INFO : Test_Login_DDT : test_login_ddt_006 : 28 : Entering Username --> Admin1 
 2024-12-25 16:12:34,601 : INFO : Test_Login_DDT : test_login_ddt_006 : 30 : Entering Password --> admin1231 
 2024-12-25 16:12:46,174 : INFO : Test_Login_DDT : test_login_ddt_006 : 47 : test_login_ddt_006 is Passed 
 2024-12-25 16:12:46,286 : INFO : Test_Login_DDT : test_login_ddt_006 : 54 : test_login_ddt_006 is completed 
 2024-12-25 16:12:48,048 : INFO : Test_Add_Emp : test_addEmp_003 : 17 : test_addEmp_003 is started 
 2024-12-25 16:12:48,048 : INFO : Test_Add_Emp : test_addEmp_003 : 18 : Opening Browser 
 2024-12-25 16:12:54,337 : INFO : Test_Add_Emp : test_addEmp_003 : 20 : Going to Url--> https://opensource-demo.orangehrmlive.com/ 
 2024-12-25 16:12:55,747 : INFO : Test_Add_Emp : test_addEmp_003 : 23 : Enter UserName --> Admin 
 2024-12-25 16:12:55,963 : INFO : Test_Add_Emp : test_addEmp_003 : 25 : Enter Password --> admin123 
 2024-12-25 16:12:56,193 : INFO : Test_Add_Emp : test_addEmp_003 : 27 : Click on logIn 
 2024-12-25 16:13:00,014 : INFO : Test_Add_Emp : test_addEmp_003 : 30 : Click on PIM tab 
 2024-12-25 16:13:02,576 : INFO : Test_Add_Emp : test_addEmp_003 : 32 : Click on Add Employee Button 
 2024-12-25 16:13:04,410 : INFO : Test_Add_Emp : test_addEmp_003 : 34 : Enter Firstname --> Justin 
 2024-12-25 16:13:04,564 : INFO : Test_Add_Emp : test_addEmp_003 : 36 : Enter Middlename --> drake 
 2024-12-25 16:13:04,709 : INFO : Test_Add_Emp : test_addEmp_003 : 38 : Enter LastName --> Beiber 
 2024-12-25 16:13:04,914 : INFO : Test_Add_Emp : test_addEmp_003 : 40 : Click on Save 
 2024-12-25 16:13:11,637 : INFO : Test_Add_Emp : test_addEmp_003 : 44 : Click on Menu Button 
 2024-12-25 16:13:12,826 : INFO : Test_Add_Emp : test_addEmp_003 : 46 : Click on LogOut 
 2024-12-25 16:13:12,826 : INFO : Test_Add_Emp : test_addEmp_003 : 48 : test_addEmp_003 is passed 
 2024-12-25 16:13:13,006 : INFO : Test_Add_Emp : test_addEmp_003 : 55 : test_addEmp_003 is completed 
 2024-12-25 16:13:14,789 : INFO : Test_addEmp_DDT : test_addEmp_ddt_007 : 22 : test_addEmp_ddt_007 is Started 
 2024-12-25 16:13:14,792 : INFO : Test_addEmp_DDT : test_addEmp_ddt_007 : 23 : Browser is openning 
 2024-12-25 16:13:20,791 : INFO : Test_addEmp_DDT : test_addEmp_ddt_007 : 25 : Go to Url--> https://opensource-demo.orangehrmlive.com/ 
 2024-12-25 16:13:21,744 : INFO : Test_addEmp_DDT : test_addEmp_ddt_007 : 28 : Entering Username Admin 
 2024-12-25 16:13:22,015 : INFO : Test_addEmp_DDT : test_addEmp_ddt_007 : 30 : Entering Password admin123 
 2024-12-25 16:13:22,193 : INFO : Test_addEmp_DDT : test_addEmp_ddt_007 : 32 : Click on Login Button 
 2024-12-25 16:13:25,362 : INFO : Test_addEmp_DDT : test_addEmp_ddt_007 : 35 : CLick on PIM 
 2024-12-25 16:13:26,869 : INFO : Test_addEmp_DDT : test_addEmp_ddt_007 : 38 : Click on Add Employee Button 
 2024-12-25 16:13:27,673 : INFO : Test_addEmp_DDT : test_addEmp_ddt_007 : 45 : Entering FirstName -->A 
 2024-12-25 16:13:27,841 : INFO : Test_addEmp_DDT : test_addEmp_ddt_007 : 47 : Entering middlename -->G 
 2024-12-25 16:13:28,036 : INFO : Test_addEmp_DDT : test_addEmp_ddt_007 : 49 : Entering Lastname -->Patil 
 2024-12-25 16:13:28,272 : INFO : Test_addEmp_DDT : test_addEmp_ddt_007 : 51 : Click Save Button 
 2024-12-25 16:13:34,407 : INFO : Test_addEmp_DDT : test_addEmp_ddt_007 : 54 : Clik Add EMp Button 
 2024-12-25 16:13:35,174 : INFO : Test_addEmp_DDT : test_addEmp_ddt_007 : 45 : Entering FirstName -->B 
 2024-12-25 16:13:35,342 : INFO : Test_addEmp_DDT : test_addEmp_ddt_007 : 47 : Entering middlename -->G 
 2024-12-25 16:13:35,524 : INFO : Test_addEmp_DDT : test_addEmp_ddt_007 : 49 : Entering Lastname -->B 
 2024-12-25 16:13:35,768 : INFO : Test_addEmp_DDT : test_addEmp_ddt_007 : 51 : Click Save Button 
 2024-12-25 16:13:41,591 : INFO : Test_addEmp_DDT : test_addEmp_ddt_007 : 54 : Clik Add EMp Button 
 2024-12-25 16:13:42,364 : INFO : Test_addEmp_DDT : test_addEmp_ddt_007 : 45 : Entering FirstName -->C 
 2024-12-25 16:13:42,538 : INFO : Test_addEmp_DDT : test_addEmp_ddt_007 : 47 : Entering middlename -->Test 
 2024-12-25 16:13:42,723 : INFO : Test_addEmp_DDT : test_addEmp_ddt_007 : 49 : Entering Lastname -->Test 
 2024-12-25 16:13:42,920 : INFO : Test_addEmp_DDT : test_addEmp_ddt_007 : 51 : Click Save Button 
 2024-12-25 16:13:49,060 : INFO : Test_addEmp_DDT : test_addEmp_ddt_007 : 54 : Clik Add EMp Button 
 2024-12-25 16:13:49,945 : INFO : Test_addEmp_DDT : test_addEmp_ddt_007 : 45 : Entering FirstName -->D 
 2024-12-25 16:13:50,105 : INFO : Test_addEmp_DDT : test_addEmp_ddt_007 : 47 : Entering middlename -->H 
 2024-12-25 16:13:50,260 : INFO : Test_addEmp_DDT : test_addEmp_ddt_007 : 49 : Entering Lastname -->Test 
 2024-12-25 16:13:50,442 : INFO : Test_addEmp_DDT : test_addEmp_ddt_007 : 51 : Click Save Button 
 2024-12-25 16:13:56,466 : INFO : Test_addEmp_DDT : test_addEmp_ddt_007 : 54 : Clik Add EMp Button 
 2024-12-25 16:13:59,087 : INFO : Test_addEmp_DDT : test_addEmp_ddt_007 : 66 : Click Menu Button 
 2024-12-25 16:14:00,210 : INFO : Test_addEmp_DDT : test_addEmp_ddt_007 : 68 : Click Logout Button 
 2024-12-25 16:14:00,210 : INFO : Test_addEmp_DDT : test_addEmp_ddt_007 : 71 : test_addEmp_ddt_007 is Passed 
 2024-12-25 16:14:00,210 : INFO : Test_addEmp_DDT : test_addEmp_ddt_007 : 77 : test_addEmp_ddt_007 is Completed 
 2024-12-25 16:14:01,599 : INFO : Test_Emp_Search : test_SearchEmp_005 : 18 : test_searchEmp_005 is started 
 2024-12-25 16:14:01,599 : INFO : Test_Emp_Search : test_SearchEmp_005 : 19 : Opening Browser 
 2024-12-25 16:14:06,533 : INFO : Test_Emp_Search : test_SearchEmp_005 : 21 : Going to Url--> https://opensource-demo.orangehrmlive.com/ 
 2024-12-25 16:14:07,693 : INFO : Test_Emp_Search : test_SearchEmp_005 : 24 : Enter UserName --> Admin 
 2024-12-25 16:14:07,876 : INFO : Test_Emp_Search : test_SearchEmp_005 : 26 : Enter Password --> admin123 
 2024-12-25 16:14:09,616 : INFO : Test_Emp_Search : test_SearchEmp_005 : 28 : Click on logIn 
 2024-12-25 16:14:11,567 : INFO : Test_Emp_Search : test_SearchEmp_005 : 31 : Click on PIM tab 
 2024-12-25 16:14:12,402 : INFO : Test_Emp_Search : test_SearchEmp_005 : 34 : Enter EmpName for Search --> Justin 
 2024-12-25 16:14:12,620 : INFO : Test_Emp_Search : test_SearchEmp_005 : 36 : Click on Search Button 
 2024-12-25 16:14:17,730 : INFO : Test_Emp_Search : test_SearchEmp_005 : 39 : Search Found 
 2024-12-25 16:14:17,730 : INFO : Test_Emp_Search : test_SearchEmp_005 : 40 : test_SearchEmp_005 is Passed 
 2024-12-25 16:14:17,949 : INFO : Test_Emp_Search : test_SearchEmp_005 : 42 : Click on Menu Button 
 2024-12-25 16:14:19,233 : INFO : Test_Emp_Search : test_SearchEmp_005 : 44 : Click on LogOut 
 2024-12-25 16:14:19,381 : INFO : Test_Emp_Search : test_SearchEmp_005 : 51 : test_SearchEmp_005 is Completed 
 2024-12-25 16:14:20,961 : INFO : Test_Login_Params : test_login_params_004 : 18 : test_login_params_004 is started 
 2024-12-25 16:14:20,961 : INFO : Test_Login_Params : test_login_params_004 : 19 : Opening Browser 
 2024-12-25 16:14:27,626 : INFO : Test_Login_Params : test_login_params_004 : 21 : Go to this url-->https://opensource-demo.orangehrmlive.com/ 
 2024-12-25 16:14:27,626 : INFO : Test_Login_Params : test_login_params_004 : 23 : 0 --> Admin 
 2024-12-25 16:14:27,626 : INFO : Test_Login_Params : test_login_params_004 : 24 : 1 --> admin123 
 2024-12-25 16:14:27,628 : INFO : Test_Login_Params : test_login_params_004 : 25 : 2 --> Pass 
 2024-12-25 16:14:29,434 : INFO : Test_Login_Params : test_login_params_004 : 27 : Entering username-->Admin 
 2024-12-25 16:14:29,707 : INFO : Test_Login_Params : test_login_params_004 : 29 : Entering password-->admin123 
 2024-12-25 16:14:29,982 : INFO : Test_Login_Params : test_login_params_004 : 31 : Click on login button 
 2024-12-25 16:14:33,057 : INFO : Test_Login_Params : test_login_params_004 : 37 : Click on Menu button 
 2024-12-25 16:14:34,175 : INFO : Test_Login_Params : test_login_params_004 : 39 : Click on logout button 
 2024-12-25 16:14:34,175 : INFO : Test_Login_Params : test_login_params_004 : 40 : test_login_002 is Passed 
 2024-12-25 16:14:34,306 : INFO : Test_Login_Params : test_login_params_004 : 57 : test_login_002 is Completed 
 2024-12-25 16:14:35,966 : INFO : Test_Login_Params : test_login_params_004 : 18 : test_login_params_004 is started 
 2024-12-25 16:14:35,966 : INFO : Test_Login_Params : test_login_params_004 : 19 : Opening Browser 
 2024-12-25 16:14:41,289 : INFO : Test_Login_Params : test_login_params_004 : 21 : Go to this url-->https://opensource-demo.orangehrmlive.com/ 
 2024-12-25 16:14:41,289 : INFO : Test_Login_Params : test_login_params_004 : 23 : 0 --> Admin1 
 2024-12-25 16:14:41,289 : INFO : Test_Login_Params : test_login_params_004 : 24 : 1 --> admin123 
 2024-12-25 16:14:41,289 : INFO : Test_Login_Params : test_login_params_004 : 25 : 2 --> Fail 
 2024-12-25 16:14:42,496 : INFO : Test_Login_Params : test_login_params_004 : 27 : Entering username-->Admin1 
 2024-12-25 16:14:42,737 : INFO : Test_Login_Params : test_login_params_004 : 29 : Entering password-->admin123 
 2024-12-25 16:14:43,022 : INFO : Test_Login_Params : test_login_params_004 : 31 : Click on login button 
 2024-12-25 16:14:54,143 : INFO : Test_Login_Params : test_login_params_004 : 57 : test_login_002 is Completed 
 2024-12-25 16:14:55,773 : INFO : Test_Login_Params : test_login_params_004 : 18 : test_login_params_004 is started 
 2024-12-25 16:14:55,773 : INFO : Test_Login_Params : test_login_params_004 : 19 : Opening Browser 
 2024-12-25 16:15:02,030 : INFO : Test_Login_Params : test_login_params_004 : 21 : Go to this url-->https://opensource-demo.orangehrmlive.com/ 
 2024-12-25 16:15:02,030 : INFO : Test_Login_Params : test_login_params_004 : 23 : 0 --> Admin 
 2024-12-25 16:15:02,030 : INFO : Test_Login_Params : test_login_params_004 : 24 : 1 --> admin1231 
 2024-12-25 16:15:02,030 : INFO : Test_Login_Params : test_login_params_004 : 25 : 2 --> Fail 
 2024-12-25 16:15:03,605 : INFO : Test_Login_Params : test_login_params_004 : 27 : Entering username-->Admin 
 2024-12-25 16:15:03,846 : INFO : Test_Login_Params : test_login_params_004 : 29 : Entering password-->admin1231 
 2024-12-25 16:15:04,118 : INFO : Test_Login_Params : test_login_params_004 : 31 : Click on login button 
 2024-12-25 16:15:15,655 : INFO : Test_Login_Params : test_login_params_004 : 57 : test_login_002 is Completed 
 2024-12-25 16:15:17,190 : INFO : Test_Login_Params : test_login_params_004 : 18 : test_login_params_004 is started 
 2024-12-25 16:15:17,190 : INFO : Test_Login_Params : test_login_params_004 : 19 : Opening Browser 
 2024-12-25 16:15:21,935 : INFO : Test_Login_Params : test_login_params_004 : 21 : Go to this url-->https://opensource-demo.orangehrmlive.com/ 
 2024-12-25 16:15:21,936 : INFO : Test_Login_Params : test_login_params_004 : 23 : 0 --> Admin1 
 2024-12-25 16:15:21,936 : INFO : Test_Login_Params : test_login_params_004 : 24 : 1 --> admin1231 
 2024-12-25 16:15:21,936 : INFO : Test_Login_Params : test_login_params_004 : 25 : 2 --> Fail 
 2024-12-25 16:15:22,839 : INFO : Test_Login_Params : test_login_params_004 : 27 : Entering username-->Admin1 
 2024-12-25 16:15:23,056 : INFO : Test_Login_Params : test_login_params_004 : 29 : Entering password-->admin1231 
 2024-12-25 16:15:24,518 : INFO : Test_Login_Params : test_login_params_004 : 31 : Click on login button 
 2024-12-25 16:15:34,749 : INFO : Test_Login_Params : test_login_params_004 : 57 : test_login_002 is Completed 
 2024-12-25 16:16:01,018 : INFO : Test_Login : test_Page_Title_001 : 17 : test_Page_Title_001 is started 
 2024-12-25 16:16:01,018 : INFO : Test_Login : test_Page_Title_001 : 18 : Openning Browser 
 2024-12-25 16:16:08,023 : INFO : Test_Login : test_Page_Title_001 : 20 : Go to this Url-->https://opensource-demo.orangehrmlive.com/ 
 2024-12-25 16:16:08,050 : INFO : Test_Login : test_Page_Title_001 : 23 : test_Page_Title_001 is Passed 
 2024-12-25 16:16:08,064 : INFO : Test_Login : test_Page_Title_001 : 24 : Page Title isOrangeHRM 
 2024-12-25 16:16:08,184 : INFO : Test_Login : test_Page_Title_001 : 30 : test_Page_Title_001 is Completed 
 2024-12-25 16:16:09,714 : INFO : Test_Login : test_login_002 : 35 : test_login_002 is Started 
 2024-12-25 16:16:09,714 : INFO : Test_Login : test_login_002 : 36 : Openning Browser 
 2024-12-25 16:16:14,766 : INFO : Test_Login : test_login_002 : 38 : Go to this Url--> https://opensource-demo.orangehrmlive.com/ 
 2024-12-25 16:16:15,927 : INFO : Test_Login : test_login_002 : 41 : Entering UserName--> Admin 
 2024-12-25 16:16:16,131 : INFO : Test_Login : test_login_002 : 43 : Entering Password--> admin123 
 2024-12-25 16:16:16,319 : INFO : Test_Login : test_login_002 : 45 : Click Login Button 
 2024-12-25 16:16:19,085 : INFO : Test_Login : test_login_002 : 49 : Click Menu Button 
 2024-12-25 16:16:20,345 : INFO : Test_Login : test_login_002 : 51 : Click Logout Button 
 2024-12-25 16:16:20,345 : INFO : Test_Login : test_login_002 : 52 : test_login_002 is passed 
 2024-12-25 16:16:20,479 : INFO : Test_Login : test_login_002 : 59 : test_login_002 is completed 
 2024-12-25 16:16:22,002 : INFO : Test_Login_DDT : test_login_ddt_006 : 17 : test_login_ddt_006 is started... 
 2024-12-25 16:16:22,002 : INFO : Test_Login_DDT : test_login_ddt_006 : 18 : Openning Browser 
 2024-12-25 16:16:36,934 : INFO : Test_Login_DDT : test_login_ddt_006 : 20 : get to this Url --> https://opensource-demo.orangehrmlive.com/ 
 2024-12-25 16:16:40,536 : INFO : Test_Login_DDT : test_login_ddt_006 : 28 : Entering Username --> Admin 
 2024-12-25 16:16:40,757 : INFO : Test_Login_DDT : test_login_ddt_006 : 30 : Entering Password --> admin123 
 2024-12-25 16:16:43,964 : INFO : Test_Login_DDT : test_login_ddt_006 : 36 : Clicking on menu button 
 2024-12-25 16:16:45,038 : INFO : Test_Login_DDT : test_login_ddt_006 : 38 : Click on Logout Button 
 2024-12-25 16:16:45,621 : INFO : Test_Login_DDT : test_login_ddt_006 : 28 : Entering Username --> Admin1 
 2024-12-25 16:16:45,767 : INFO : Test_Login_DDT : test_login_ddt_006 : 30 : Entering Password --> admin123 
 2024-12-25 16:16:57,421 : INFO : Test_Login_DDT : test_login_ddt_006 : 28 : Entering Username --> Admin 
 2024-12-25 16:16:57,598 : INFO : Test_Login_DDT : test_login_ddt_006 : 30 : Entering Password --> admin1231 
 2024-12-25 16:17:09,483 : INFO : Test_Login_DDT : test_login_ddt_006 : 28 : Entering Username --> Admin1 
 2024-12-25 16:17:09,651 : INFO : Test_Login_DDT : test_login_ddt_006 : 30 : Entering Password --> admin1231 
 2024-12-25 16:17:21,242 : INFO : Test_Login_DDT : test_login_ddt_006 : 47 : test_login_ddt_006 is Passed 
 2024-12-25 16:17:21,379 : INFO : Test_Login_DDT : test_login_ddt_006 : 54 : test_login_ddt_006 is completed 
 2024-12-25 16:17:22,944 : INFO : Test_Add_Emp : test_addEmp_003 : 17 : test_addEmp_003 is started 
 2024-12-25 16:17:22,944 : INFO : Test_Add_Emp : test_addEmp_003 : 18 : Opening Browser 
 2024-12-25 16:17:33,344 : INFO : Test_Add_Emp : test_addEmp_003 : 20 : Going to Url--> https://opensource-demo.orangehrmlive.com/ 
 2024-12-25 16:17:35,947 : INFO : Test_Add_Emp : test_addEmp_003 : 23 : Enter UserName --> Admin 
 2024-12-25 16:17:36,106 : INFO : Test_Add_Emp : test_addEmp_003 : 25 : Enter Password --> admin123 
 2024-12-25 16:17:37,932 : INFO : Test_Add_Emp : test_addEmp_003 : 27 : Click on logIn 
 2024-12-25 16:17:39,862 : INFO : Test_Add_Emp : test_addEmp_003 : 30 : Click on PIM tab 
 2024-12-25 16:17:41,314 : INFO : Test_Add_Emp : test_addEmp_003 : 32 : Click on Add Employee Button 
 2024-12-25 16:17:42,033 : INFO : Test_Add_Emp : test_addEmp_003 : 34 : Enter Firstname --> Justin 
 2024-12-25 16:17:42,196 : INFO : Test_Add_Emp : test_addEmp_003 : 36 : Enter Middlename --> drake 
 2024-12-25 16:17:42,406 : INFO : Test_Add_Emp : test_addEmp_003 : 38 : Enter LastName --> Beiber 
 2024-12-25 16:17:42,610 : INFO : Test_Add_Emp : test_addEmp_003 : 40 : Click on Save 
 2024-12-25 16:17:53,165 : INFO : Test_Add_Emp : test_addEmp_003 : 52 : test_addEmp_003 is Failed 
 2024-12-25 16:17:54,768 : INFO : Test_addEmp_DDT : test_addEmp_ddt_007 : 22 : test_addEmp_ddt_007 is Started 
 2024-12-25 16:17:54,768 : INFO : Test_addEmp_DDT : test_addEmp_ddt_007 : 23 : Browser is openning 
 2024-12-25 16:17:59,825 : INFO : Test_addEmp_DDT : test_addEmp_ddt_007 : 25 : Go to Url--> https://opensource-demo.orangehrmlive.com/ 
 2024-12-25 16:18:00,765 : INFO : Test_addEmp_DDT : test_addEmp_ddt_007 : 28 : Entering Username Admin 
 2024-12-25 16:18:00,982 : INFO : Test_addEmp_DDT : test_addEmp_ddt_007 : 30 : Entering Password admin123 
 2024-12-25 16:18:01,178 : INFO : Test_addEmp_DDT : test_addEmp_ddt_007 : 32 : Click on Login Button 
 2024-12-25 16:18:04,419 : INFO : Test_addEmp_DDT : test_addEmp_ddt_007 : 35 : CLick on PIM 
 2024-12-25 16:18:06,037 : INFO : Test_addEmp_DDT : test_addEmp_ddt_007 : 38 : Click on Add Employee Button 
 2024-12-25 16:18:06,907 : INFO : Test_addEmp_DDT : test_addEmp_ddt_007 : 45 : Entering FirstName -->A 
 2024-12-25 16:18:07,099 : INFO : Test_addEmp_DDT : test_addEmp_ddt_007 : 47 : Entering middlename -->G 
 2024-12-25 16:18:07,307 : INFO : Test_addEmp_DDT : test_addEmp_ddt_007 : 49 : Entering Lastname -->Patil 
 2024-12-25 16:18:07,515 : INFO : Test_addEmp_DDT : test_addEmp_ddt_007 : 51 : Click Save Button 
 2024-12-25 16:18:18,354 : INFO : Test_addEmp_DDT : test_addEmp_ddt_007 : 45 : Entering FirstName -->B 
 2024-12-25 16:18:18,501 : INFO : Test_addEmp_DDT : test_addEmp_ddt_007 : 47 : Entering middlename -->G 
 2024-12-25 16:18:18,653 : INFO : Test_addEmp_DDT : test_addEmp_ddt_007 : 49 : Entering Lastname -->B 
 2024-12-25 16:18:18,839 : INFO : Test_addEmp_DDT : test_addEmp_ddt_007 : 51 : Click Save Button 
 2024-12-25 16:18:29,565 : INFO : Test_addEmp_DDT : test_addEmp_ddt_007 : 45 : Entering FirstName -->C 
 2024-12-25 16:18:29,708 : INFO : Test_addEmp_DDT : test_addEmp_ddt_007 : 47 : Entering middlename -->Test 
 2024-12-25 16:18:29,900 : INFO : Test_addEmp_DDT : test_addEmp_ddt_007 : 49 : Entering Lastname -->Test 
 2024-12-25 16:18:30,051 : INFO : Test_addEmp_DDT : test_addEmp_ddt_007 : 51 : Click Save Button 
 2024-12-25 16:18:40,967 : INFO : Test_addEmp_DDT : test_addEmp_ddt_007 : 45 : Entering FirstName -->D 
 2024-12-25 16:18:41,115 : INFO : Test_addEmp_DDT : test_addEmp_ddt_007 : 47 : Entering middlename -->H 
 2024-12-25 16:18:41,269 : INFO : Test_addEmp_DDT : test_addEmp_ddt_007 : 49 : Entering Lastname -->Test 
 2024-12-25 16:18:41,424 : INFO : Test_addEmp_DDT : test_addEmp_ddt_007 : 51 : Click Save Button 
 2024-12-25 16:18:54,186 : INFO : Test_addEmp_DDT : test_addEmp_ddt_007 : 66 : Click Menu Button 
 2024-12-25 16:18:55,307 : INFO : Test_addEmp_DDT : test_addEmp_ddt_007 : 68 : Click Logout Button 
 2024-12-25 16:18:55,307 : INFO : Test_addEmp_DDT : test_addEmp_ddt_007 : 74 : test_addEmp_ddt_007 is Failed 
 2024-12-25 16:18:56,869 : INFO : Test_Emp_Search : test_SearchEmp_005 : 18 : test_searchEmp_005 is started 
 2024-12-25 16:18:56,871 : INFO : Test_Emp_Search : test_SearchEmp_005 : 19 : Opening Browser 
 2024-12-25 16:19:01,882 : INFO : Test_Emp_Search : test_SearchEmp_005 : 21 : Going to Url--> https://opensource-demo.orangehrmlive.com/ 
 2024-12-25 16:19:02,833 : INFO : Test_Emp_Search : test_SearchEmp_005 : 24 : Enter UserName --> Admin 
 2024-12-25 16:19:03,039 : INFO : Test_Emp_Search : test_SearchEmp_005 : 26 : Enter Password --> admin123 
 2024-12-25 16:19:03,250 : INFO : Test_Emp_Search : test_SearchEmp_005 : 28 : Click on logIn 
 2024-12-25 16:19:06,470 : INFO : Test_Emp_Search : test_SearchEmp_005 : 31 : Click on PIM tab 
 2024-12-25 16:19:07,495 : INFO : Test_Emp_Search : test_SearchEmp_005 : 34 : Enter EmpName for Search --> Justin 
 2024-12-25 16:19:08,166 : INFO : Test_Emp_Search : test_SearchEmp_005 : 36 : Click on Search Button 
 2024-12-25 16:19:13,255 : INFO : Test_Emp_Search : test_SearchEmp_005 : 39 : Search Found 
 2024-12-25 16:19:13,255 : INFO : Test_Emp_Search : test_SearchEmp_005 : 40 : test_SearchEmp_005 is Passed 
 2024-12-25 16:19:13,452 : INFO : Test_Emp_Search : test_SearchEmp_005 : 42 : Click on Menu Button 
 2024-12-25 16:19:14,702 : INFO : Test_Emp_Search : test_SearchEmp_005 : 44 : Click on LogOut 
 2024-12-25 16:19:14,856 : INFO : Test_Emp_Search : test_SearchEmp_005 : 51 : test_SearchEmp_005 is Completed 
 2024-12-25 16:19:16,321 : INFO : Test_Login_Params : test_login_params_004 : 18 : test_login_params_004 is started 
 2024-12-25 16:19:16,321 : INFO : Test_Login_Params : test_login_params_004 : 19 : Opening Browser 
 2024-12-25 16:19:21,624 : INFO : Test_Login_Params : test_login_params_004 : 21 : Go to this url-->https://opensource-demo.orangehrmlive.com/ 
 2024-12-25 16:19:21,624 : INFO : Test_Login_Params : test_login_params_004 : 23 : 0 --> Admin 
 2024-12-25 16:19:21,626 : INFO : Test_Login_Params : test_login_params_004 : 24 : 1 --> admin123 
 2024-12-25 16:19:21,626 : INFO : Test_Login_Params : test_login_params_004 : 25 : 2 --> Pass 
 2024-12-25 16:19:22,402 : INFO : Test_Login_Params : test_login_params_004 : 27 : Entering username-->Admin 
 2024-12-25 16:19:22,554 : INFO : Test_Login_Params : test_login_params_004 : 29 : Entering password-->admin123 
 2024-12-25 16:19:22,766 : INFO : Test_Login_Params : test_login_params_004 : 31 : Click on login button 
 2024-12-25 16:19:26,206 : INFO : Test_Login_Params : test_login_params_004 : 37 : Click on Menu button 
 2024-12-25 16:19:27,608 : INFO : Test_Login_Params : test_login_params_004 : 39 : Click on logout button 
 2024-12-25 16:19:27,608 : INFO : Test_Login_Params : test_login_params_004 : 40 : test_login_002 is Passed 
 2024-12-25 16:19:27,730 : INFO : Test_Login_Params : test_login_params_004 : 57 : test_login_002 is Completed 
 2024-12-25 16:19:29,010 : INFO : Test_Login_Params : test_login_params_004 : 18 : test_login_params_004 is started 
 2024-12-25 16:19:29,010 : INFO : Test_Login_Params : test_login_params_004 : 19 : Opening Browser 
 2024-12-25 16:19:39,605 : INFO : Test_Login_Params : test_login_params_004 : 21 : Go to this url-->https://opensource-demo.orangehrmlive.com/ 
 2024-12-25 16:19:39,605 : INFO : Test_Login_Params : test_login_params_004 : 23 : 0 --> Admin1 
 2024-12-25 16:19:39,605 : INFO : Test_Login_Params : test_login_params_004 : 24 : 1 --> admin123 
 2024-12-25 16:19:39,605 : INFO : Test_Login_Params : test_login_params_004 : 25 : 2 --> Fail 
 2024-12-25 16:19:42,008 : INFO : Test_Login_Params : test_login_params_004 : 27 : Entering username-->Admin1 
 2024-12-25 16:19:42,204 : INFO : Test_Login_Params : test_login_params_004 : 29 : Entering password-->admin123 
 2024-12-25 16:19:42,396 : INFO : Test_Login_Params : test_login_params_004 : 31 : Click on login button 
 2024-12-25 16:19:53,703 : INFO : Test_Login_Params : test_login_params_004 : 57 : test_login_002 is Completed 
 2024-12-25 16:19:55,217 : INFO : Test_Login_Params : test_login_params_004 : 18 : test_login_params_004 is started 
 2024-12-25 16:19:55,217 : INFO : Test_Login_Params : test_login_params_004 : 19 : Opening Browser 
 2024-12-25 16:20:00,039 : INFO : Test_Login_Params : test_login_params_004 : 21 : Go to this url-->https://opensource-demo.orangehrmlive.com/ 
 2024-12-25 16:20:00,043 : INFO : Test_Login_Params : test_login_params_004 : 23 : 0 --> Admin 
 2024-12-25 16:20:00,043 : INFO : Test_Login_Params : test_login_params_004 : 24 : 1 --> admin1231 
 2024-12-25 16:20:00,043 : INFO : Test_Login_Params : test_login_params_004 : 25 : 2 --> Fail 
 2024-12-25 16:20:00,921 : INFO : Test_Login_Params : test_login_params_004 : 27 : Entering username-->Admin 
 2024-12-25 16:20:01,170 : INFO : Test_Login_Params : test_login_params_004 : 29 : Entering password-->admin1231 
 2024-12-25 16:20:01,397 : INFO : Test_Login_Params : test_login_params_004 : 31 : Click on login button 
 2024-12-25 16:20:12,868 : INFO : Test_Login_Params : test_login_params_004 : 57 : test_login_002 is Completed 
 2024-12-25 16:20:14,385 : INFO : Test_Login_Params : test_login_params_004 : 18 : test_login_params_004 is started 
 2024-12-25 16:20:14,385 : INFO : Test_Login_Params : test_login_params_004 : 19 : Opening Browser 
 2024-12-25 16:20:21,222 : INFO : Test_Login_Params : test_login_params_004 : 21 : Go to this url-->https://opensource-demo.orangehrmlive.com/ 
 2024-12-25 16:20:21,222 : INFO : Test_Login_Params : test_login_params_004 : 23 : 0 --> Admin1 
 2024-12-25 16:20:21,222 : INFO : Test_Login_Params : test_login_params_004 : 24 : 1 --> admin1231 
 2024-12-25 16:20:21,222 : INFO : Test_Login_Params : test_login_params_004 : 25 : 2 --> Fail 
 2024-12-25 16:20:22,680 : INFO : Test_Login_Params : test_login_params_004 : 27 : Entering username-->Admin1 
 2024-12-25 16:20:22,911 : INFO : Test_Login_Params : test_login_params_004 : 29 : Entering password-->admin1231 
 2024-12-25 16:20:24,137 : INFO : Test_Login_Params : test_login_params_004 : 31 : Click on login button 
 2024-12-25 16:20:34,376 : INFO : Test_Login_Params : test_login_params_004 : 57 : test_login_002 is Completed 
